<?xml version="1.0" encoding="UTF-8"?>
<testsuite name="ai.opencode.android.projects.ProjectIoTest" tests="8" skipped="0" failures="0" errors="0" timestamp="2026-09-07T23:22:31" hostname="runnervmejwal" time="0.049">
  <properties/>
  <testcase name="renameRefusesToClobberAnExistingDirectory" classname="ai.opencode.android.projects.ProjectIoTest" time="0.002"/>
  <testcase name="copyTreeEnforcesTheByteCapAndLeavesNothingPartial" classname="ai.opencode.android.projects.ProjectIoTest" time="0.004"/>
  <testcase name="sizeOfSumsAWholeTree" classname="ai.opencode.android.projects.ProjectIoTest" time="0.001"/>
  <testcase name="renameMovesATreeAndKeepsContents" classname="ai.opencode.android.projects.ProjectIoTest" time="0.001"/>
  <testcase name="deleteTreeRemovesRecursively" classname="ai.opencode.android.projects.ProjectIoTest" time="0.002"/>
  <testcase name="copyTreeSkipsSymlinks" classname="ai.opencode.android.projects.ProjectIoTest" time="0.005"/>
  <testcase name="zipTreeRoundTripsFiles" classname="ai.opencode.android.projects.ProjectIoTest" time="0.025"/>
  <testcase name="writeStreamRemovesThePartialFileWhenTheCapIsBreached" classname="ai.opencode.android.projects.ProjectIoTest" time="0.007"/>
  <system-out><![CDATA[]]></system-out>
  <system-err><![CDATA[]]></system-err>
</testsuite>
