<?xml version="1.0" encoding="UTF-8"?>
<testsuite name="ai.opencode.android.runtime.LoopbackAuditTest" tests="6" skipped="0" failures="0" errors="0" timestamp="2026-09-07T17:02:11" hostname="runnervmejwal" time="0.005">
  <properties/>
  <testcase name="distinguishesWildcardListenRow" classname="ai.opencode.android.runtime.LoopbackAuditTest" time="0.003"/>
  <testcase name="formatsIpv6LoopbackAndWildcard" classname="ai.opencode.android.runtime.LoopbackAuditTest" time="0.0"/>
  <testcase name="parsesLoopbackListenRow" classname="ai.opencode.android.runtime.LoopbackAuditTest" time="0.001"/>
  <testcase name="udpRowsCarryPortForMdnsDetection" classname="ai.opencode.android.runtime.LoopbackAuditTest" time="0.0"/>
  <testcase name="skipsHeaderAndJunk" classname="ai.opencode.android.runtime.LoopbackAuditTest" time="0.0"/>
  <testcase name="formatsIpv4LittleEndianWord" classname="ai.opencode.android.runtime.LoopbackAuditTest" time="0.001"/>
  <system-out><![CDATA[]]></system-out>
  <system-err><![CDATA[]]></system-err>
</testsuite>
