<?xml version="1.0" encoding="UTF-8"?>
<testsuite name="ai.opencode.android.client.OpenCodeApiHttpTest" tests="10" skipped="0" failures="0" errors="0" timestamp="2026-09-06T16:49:15" hostname="runnervmejwal" time="0.43">
  <properties/>
  <testcase name="mcpAddPostsNameAndConfig" classname="ai.opencode.android.client.OpenCodeApiHttpTest" time="0.047"/>
  <testcase name="permissionReplyUsesTheUpstreamRoute" classname="ai.opencode.android.client.OpenCodeApiHttpTest" time="0.007"/>
  <testcase name="non2xxBecomesTypedError" classname="ai.opencode.android.client.OpenCodeApiHttpTest" time="0.02"/>
  <testcase name="healthIsGlobalAndCarriesBasicAuth" classname="ai.opencode.android.client.OpenCodeApiHttpTest" time="0.008"/>
  <testcase name="promptAsyncSendsUpstreamPartShape" classname="ai.opencode.android.client.OpenCodeApiHttpTest" time="0.006"/>
  <testcase name="authProvisioningUsesProviderIdRoute" classname="ai.opencode.android.client.OpenCodeApiHttpTest" time="0.012"/>
  <testcase name="patchMethodIsAndroidOnly" classname="ai.opencode.android.client.OpenCodeApiHttpTest" time="0.001"/>
  <testcase name="sessionCreateIsDirectoryScopedAndPassesTitle" classname="ai.opencode.android.client.OpenCodeApiHttpTest" time="0.006"/>
  <testcase name="bodylessRequestsDeclareZeroLength" classname="ai.opencode.android.client.OpenCodeApiHttpTest" time="0.004"/>
  <testcase name="eventStreamParsesFramesAndReconnects" classname="ai.opencode.android.client.OpenCodeApiHttpTest" time="0.313"/>
  <system-out><![CDATA[]]></system-out>
  <system-err><![CDATA[]]></system-err>
</testsuite>
