<?xml version="1.0" encoding="UTF-8"?>
<testsuite name="ai.opencode.android.runtime.PayloadExtractorTest" tests="4" skipped="0" failures="0" errors="0" timestamp="2026-08-31T14:24:39" hostname="runnervmgx7h7" time="0.015">
  <properties/>
  <testcase name="verifyDetectsCorruptedContent" classname="ai.opencode.android.runtime.PayloadExtractorTest" time="0.012"/>
  <testcase name="unpackTarExtractsFilesAndNestedDirs" classname="ai.opencode.android.runtime.PayloadExtractorTest" time="0.002"/>
  <testcase name="verifyDetectsMissingMarker" classname="ai.opencode.android.runtime.PayloadExtractorTest" time="0.0"/>
  <testcase name="unpackTarRejectsPathEscape" classname="ai.opencode.android.runtime.PayloadExtractorTest" time="0.0"/>
  <system-out><![CDATA[]]></system-out>
  <system-err><![CDATA[]]></system-err>
</testsuite>
