<?xml version="1.0" encoding="UTF-8"?>
<testsuite name="ai.opencode.android.runtime.AbiGateTest" tests="6" skipped="0" failures="0" errors="0" timestamp="2026-08-31T14:20:02" hostname="runnervmgx7h7" time="0.003">
  <properties/>
  <testcase name="apiBelow29IsRejectedEvenWithArm64" classname="ai.opencode.android.runtime.AbiGateTest" time="0.002"/>
  <testcase name="x86_64IsSupportedForEmulator" classname="ai.opencode.android.runtime.AbiGateTest" time="0.0"/>
  <testcase name="arm64IsSupported" classname="ai.opencode.android.runtime.AbiGateTest" time="0.0"/>
  <testcase name="x86_32OnlyIsRejected" classname="ai.opencode.android.runtime.AbiGateTest" time="0.0"/>
  <testcase name="prefersArm64WhenBothAbisPresent" classname="ai.opencode.android.runtime.AbiGateTest" time="0.0"/>
  <testcase name="armeabiV7aOnlyIsRejected" classname="ai.opencode.android.runtime.AbiGateTest" time="0.0"/>
  <system-out><![CDATA[]]></system-out>
  <system-err><![CDATA[]]></system-err>
</testsuite>
