<?xml version="1.0" encoding="UTF-8"?>
<testsuite name="ai.opencode.android.runtime.ManifestTest" tests="4" skipped="0" failures="0" errors="0" timestamp="2026-08-31T15:35:16" hostname="runnervmgx7h7" time="0.012">
  <properties/>
  <testcase name="roundTripsVersionsAndEntries" classname="ai.opencode.android.runtime.ManifestTest" time="0.009"/>
  <testcase name="unknownFieldsTolerated" classname="ai.opencode.android.runtime.ManifestTest" time="0.001"/>
  <testcase name="rejectsManifestVersionDriftFromLock" classname="ai.opencode.android.runtime.ManifestTest" time="0.001"/>
  <testcase name="rejectsUnsafeManifestPaths" classname="ai.opencode.android.runtime.ManifestTest" time="0.0"/>
  <system-out><![CDATA[]]></system-out>
  <system-err><![CDATA[]]></system-err>
</testsuite>
