<?xml version="1.0" encoding="UTF-8"?>
<testsuite name="ai.opencode.android.client.LoopbackGuardTest" tests="5" skipped="0" failures="0" errors="0" timestamp="2026-09-06T14:15:01" hostname="runnervmejwal" time="0.094">
  <properties/>
  <testcase name="bindHostname_defaultsToLoopbackWhenUnset" classname="ai.opencode.android.client.LoopbackGuardTest" time="0.026"/>
  <testcase name="bindHostname_refusesNonLoopbackAndKeepsLoopback" classname="ai.opencode.android.client.LoopbackGuardTest" time="0.034"/>
  <testcase name="checked_acceptsLoopbackUrlsOnly" classname="ai.opencode.android.client.LoopbackGuardTest" time="0.028"/>
  <testcase name="isLoopbackLiteral_coversThe127Block" classname="ai.opencode.android.client.LoopbackGuardTest" time="0.0"/>
  <testcase name="bindHostname_acceptsLoopbackForms" classname="ai.opencode.android.client.LoopbackGuardTest" time="0.003"/>
  <system-out><![CDATA[]]></system-out>
  <system-err><![CDATA[]]></system-err>
</testsuite>
