<?xml version="1.0" encoding="UTF-8"?>
<testsuite name="ai.opencode.android.security.SecretNamesTest" tests="4" skipped="0" failures="0" errors="0" timestamp="2026-09-06T16:00:19" hostname="runnervmejwal" time="0.002">
  <properties/>
  <testcase name="rejectsPathTraversalAndJunk" classname="ai.opencode.android.security.SecretNamesTest" time="0.002"/>
  <testcase name="blobFileNameIsContained" classname="ai.opencode.android.security.SecretNamesTest" time="0.0"/>
  <testcase name="acceptsProviderStyleNames" classname="ai.opencode.android.security.SecretNamesTest" time="0.0"/>
  <testcase name="providerIdRoundTrip" classname="ai.opencode.android.security.SecretNamesTest" time="0.0"/>
  <system-out><![CDATA[]]></system-out>
  <system-err><![CDATA[]]></system-err>
</testsuite>
