<?xml version="1.0" encoding="UTF-8"?>
<testsuite name="ai.opencode.android.client.LoopbackGuardTest" tests="5" skipped="0" failures="0" errors="0" timestamp="2026-08-31T15:35:15" hostname="runnervmgx7h7" time="0.047">
  <properties/>
  <testcase name="bindHostname_defaultsToLoopbackWhenUnset" classname="ai.opencode.android.client.LoopbackGuardTest" time="0.019"/>
  <testcase name="bindHostname_refusesNonLoopbackAndKeepsLoopback" classname="ai.opencode.android.client.LoopbackGuardTest" time="0.017"/>
  <testcase name="checked_acceptsLoopbackUrlsOnly" classname="ai.opencode.android.client.LoopbackGuardTest" time="0.01"/>
  <testcase name="isLoopbackLiteral_coversThe127Block" classname="ai.opencode.android.client.LoopbackGuardTest" time="0.0"/>
  <testcase name="bindHostname_acceptsLoopbackForms" classname="ai.opencode.android.client.LoopbackGuardTest" time="0.0"/>
  <system-out><![CDATA[]]></system-out>
  <system-err><![CDATA[]]></system-err>
</testsuite>
