<?xml version="1.0" encoding="UTF-8"?>
<testsuite name="ai.opencode.android.runtime.LoopbackAuditTest" tests="6" skipped="0" failures="0" errors="0" timestamp="2026-09-06T14:15:02" hostname="runnervmejwal" time="0.017">
  <properties/>
  <testcase name="distinguishesWildcardListenRow" classname="ai.opencode.android.runtime.LoopbackAuditTest" time="0.013"/>
  <testcase name="formatsIpv6LoopbackAndWildcard" classname="ai.opencode.android.runtime.LoopbackAuditTest" time="0.001"/>
  <testcase name="parsesLoopbackListenRow" classname="ai.opencode.android.runtime.LoopbackAuditTest" time="0.0"/>
  <testcase name="udpRowsCarryPortForMdnsDetection" classname="ai.opencode.android.runtime.LoopbackAuditTest" time="0.001"/>
  <testcase name="skipsHeaderAndJunk" classname="ai.opencode.android.runtime.LoopbackAuditTest" time="0.0"/>
  <testcase name="formatsIpv4LittleEndianWord" classname="ai.opencode.android.runtime.LoopbackAuditTest" time="0.002"/>
  <system-out><![CDATA[]]></system-out>
  <system-err><![CDATA[]]></system-err>
</testsuite>
