<?xml version="1.0" encoding="UTF-8"?>
<testsuite name="ai.opencode.android.client.SseAccumulatorTest" tests="4" skipped="0" failures="0" errors="0" timestamp="2026-08-31T15:35:16" hostname="runnervmgx7h7" time="0.002">
  <properties/>
  <testcase name="dispatchesOnBlankLine" classname="ai.opencode.android.client.SseAccumulatorTest" time="0.0"/>
  <testcase name="joinsMultipleDataLines" classname="ai.opencode.android.client.SseAccumulatorTest" time="0.0"/>
  <testcase name="ignoresCommentsAndKeepsFrameBoundaries" classname="ai.opencode.android.client.SseAccumulatorTest" time="0.001"/>
  <testcase name="finishFlushesUnterminatedFrame" classname="ai.opencode.android.client.SseAccumulatorTest" time="0.0"/>
  <system-out><![CDATA[]]></system-out>
  <system-err><![CDATA[]]></system-err>
</testsuite>
