<?xml version="1.0" encoding="UTF-8"?>
<testsuite name="ai.opencode.android.client.EventFrameTest" tests="5" skipped="0" failures="0" errors="0" timestamp="2026-09-11T10:32:32" hostname="runnervmlun5p" time="0.011">
  <properties/>
  <testcase name="derivesLegacyType" classname="ai.opencode.android.client.EventFrameTest" time="0.006"/>
  <testcase name="sessionIDFoundInNestedShapes" classname="ai.opencode.android.client.EventFrameTest" time="0.0"/>
  <testcase name="permissionEventsMatchBothSpellings" classname="ai.opencode.android.client.EventFrameTest" time="0.0"/>
  <testcase name="nullAndUnknownShapesDoNotThrow" classname="ai.opencode.android.client.EventFrameTest" time="0.0"/>
  <testcase name="stripsDurableVersionSuffix" classname="ai.opencode.android.client.EventFrameTest" time="0.0"/>
  <system-out><![CDATA[]]></system-out>
  <system-err><![CDATA[]]></system-err>
</testsuite>
