<?xml version="1.0" encoding="UTF-8"?>
<testsuite name="ai.opencode.android.ui.markdown.CodeHighlightTest" tests="17" skipped="0" failures="0" errors="0" timestamp="2026-09-08T17:11:55" hostname="runnervmejwal" time="0.011">
  <properties/>
  <testcase name="emptyAndWhitespaceInputsAreLossless" classname="ai.opencode.android.ui.markdown.CodeHighlightTest" time="0.002"/>
  <testcase name="shellVariablesAndCommands" classname="ai.opencode.android.ui.markdown.CodeHighlightTest" time="0.001"/>
  <testcase name="capitalisedIdentifiersAreTypes" classname="ai.opencode.android.ui.markdown.CodeHighlightTest" time="0.0"/>
  <testcase name="javascriptTemplateLiteralIsAString" classname="ai.opencode.android.ui.markdown.CodeHighlightTest" time="0.0"/>
  <testcase name="kotlinKeywordsNumbersAndCalls" classname="ai.opencode.android.ui.markdown.CodeHighlightTest" time="0.001"/>
  <testcase name="realFixturesStayByteExact" classname="ai.opencode.android.ui.markdown.CodeHighlightTest" time="0.002"/>
  <testcase name="unknownLanguageStillTokenisesStringsAndNumbers" classname="ai.opencode.android.ui.markdown.CodeHighlightTest" time="0.0"/>
  <testcase name="supportedLanguagesAreReportedHonestly" classname="ai.opencode.android.ui.markdown.CodeHighlightTest" time="0.0"/>
  <testcase name="jsonKeysAreTypesAndLiteralsAreKeywords" classname="ai.opencode.android.ui.markdown.CodeHighlightTest" time="0.0"/>
  <testcase name="lineAndBlockComments" classname="ai.opencode.android.ui.markdown.CodeHighlightTest" time="0.001"/>
  <testcase name="punctuationRunsMerge" classname="ai.opencode.android.ui.markdown.CodeHighlightTest" time="0.0"/>
  <testcase name="stringsKeepTheirEscapes" classname="ai.opencode.android.ui.markdown.CodeHighlightTest" time="0.0"/>
  <testcase name="unterminatedStringStopsAtTheNewline" classname="ai.opencode.android.ui.markdown.CodeHighlightTest" time="0.0"/>
  <testcase name="pythonTripleQuotedStringIsOneSpan" classname="ai.opencode.android.ui.markdown.CodeHighlightTest" time="0.003"/>
  <testcase name="commentDoesNotSwallowTheNextLine" classname="ai.opencode.android.ui.markdown.CodeHighlightTest" time="0.0"/>
  <testcase name="diffLinesAreColouredBySign" classname="ai.opencode.android.ui.markdown.CodeHighlightTest" time="0.001"/>
  <testcase name="languageAliasesResolve" classname="ai.opencode.android.ui.markdown.CodeHighlightTest" time="0.0"/>
  <system-out><![CDATA[]]></system-out>
  <system-err><![CDATA[]]></system-err>
</testsuite>
