<?xml version="1.0" encoding="UTF-8"?>
<testsuite name="ai.opencode.android.client.TranscriptPhase6Test" tests="33" skipped="0" failures="0" errors="0" timestamp="2026-09-08T17:11:53" hostname="runnervmejwal" time="0.043">
  <properties/>
  <testcase name="loadedPartsBecomeRenderablePartsInServerOrder" classname="ai.opencode.android.client.TranscriptPhase6Test" time="0.005"/>
  <testcase name="startingANewTurnClearsThePreviousTurnsError" classname="ai.opencode.android.client.TranscriptPhase6Test" time="0.001"/>
  <testcase name="anAssistantMessageErrorIsMirroredOntoTheMessageAndTheSession" classname="ai.opencode.android.client.TranscriptPhase6Test" time="0.002"/>
  <testcase name="aCanonicalPartFrameAfterDeltasOverwritesRatherThanDoubles" classname="ai.opencode.android.client.TranscriptPhase6Test" time="0.01"/>
  <testcase name="theServersOwnPendingListReplacesWhatTheStreamGuessed" classname="ai.opencode.android.client.TranscriptPhase6Test" time="0.001"/>
  <testcase name="anUnknownErrorShapeIsKeptRatherThanDiscarded" classname="ai.opencode.android.client.TranscriptPhase6Test" time="0.001"/>
  <testcase name="aToolPartMovesFromRunningToCompletedInPlace" classname="ai.opencode.android.client.TranscriptPhase6Test" time="0.0"/>
  <testcase name="aDeltaForAPartThatHasNotArrivedYetIsDroppedNotSynthesised" classname="ai.opencode.android.client.TranscriptPhase6Test" time="0.0"/>
  <testcase name="anEmptyDeltaChangesNothing" classname="ai.opencode.android.client.TranscriptPhase6Test" time="0.002"/>
  <testcase name="anEmptyErrorObjectIsNotATurnError" classname="ai.opencode.android.client.TranscriptPhase6Test" time="0.0"/>
  <testcase name="removedPartsDisappearFromTheMessage" classname="ai.opencode.android.client.TranscriptPhase6Test" time="0.0"/>
  <testcase name="sessionErrorBecomesTheTurnsTypedError" classname="ai.opencode.android.client.TranscriptPhase6Test" time="0.0"/>
  <testcase name="loadMessagesDerivesTheLastErrorFromHistory" classname="ai.opencode.android.client.TranscriptPhase6Test" time="0.0"/>
  <testcase name="retryStatusCarriesTheAttemptNumber" classname="ai.opencode.android.client.TranscriptPhase6Test" time="0.001"/>
  <testcase name="aDeltaNamingAnUnknownMessageIsIgnored" classname="ai.opencode.android.client.TranscriptPhase6Test" time="0.0"/>
  <testcase name="aPermissionAskKeepsTheAlwaysScopeAndItsToolCall" classname="ai.opencode.android.client.TranscriptPhase6Test" time="0.002"/>
  <testcase name="bookkeepingPartsAreMirroredWholeSoTheUiCanDecideToHideThem" classname="ai.opencode.android.client.TranscriptPhase6Test" time="0.0"/>
  <testcase name="aToolPartKeepsItsStateMetadataAndTiming" classname="ai.opencode.android.client.TranscriptPhase6Test" time="0.0"/>
  <testcase name="busySessionsLooksAcrossSessions" classname="ai.opencode.android.client.TranscriptPhase6Test" time="0.0"/>
  <testcase name="deltaAppendsOntoThePartItNames" classname="ai.opencode.android.client.TranscriptPhase6Test" time="0.0"/>
  <testcase name="aRejectedQuestionIsAlsoRemoved" classname="ai.opencode.android.client.TranscriptPhase6Test" time="0.004"/>
  <testcase name="questionsAreTrackedAndClearedWhenRepliedTo" classname="ai.opencode.android.client.TranscriptPhase6Test" time="0.0"/>
  <testcase name="aToolPartInErrorStateKeepsTheErrorText" classname="ai.opencode.android.client.TranscriptPhase6Test" time="0.0"/>
  <testcase name="aLaterBusyStatusClearsTheRetryState" classname="ai.opencode.android.client.TranscriptPhase6Test" time="0.0"/>
  <testcase name="anIdThatIsNotAQuestionIsNotInvented" classname="ai.opencode.android.client.TranscriptPhase6Test" time="0.001"/>
  <testcase name="aFilePartKeepsMimeNameAndUrl" classname="ai.opencode.android.client.TranscriptPhase6Test" time="0.0"/>
  <testcase name="severalPartsStreamIndependently" classname="ai.opencode.android.client.TranscriptPhase6Test" time="0.0"/>
  <testcase name="deletingASessionTakesItsMessagesPromptsAndErrorsWithIt" classname="ai.opencode.android.client.TranscriptPhase6Test" time="0.0"/>
  <testcase name="customDefaultsToTrueWhenUpstreamOmitsIt" classname="ai.opencode.android.client.TranscriptPhase6Test" time="0.001"/>
  <testcase name="loadMessagesReplacesTheOlderTranscriptRatherThanAppending" classname="ai.opencode.android.client.TranscriptPhase6Test" time="0.002"/>
  <testcase name="aDeltaOnAnotherFieldDoesNotTouchTheText" classname="ai.opencode.android.client.TranscriptPhase6Test" time="0.0"/>
  <testcase name="idleClearsRetryAndBusy" classname="ai.opencode.android.client.TranscriptPhase6Test" time="0.0"/>
  <testcase name="aPermissionReplyRemovesThePrompt" classname="ai.opencode.android.client.TranscriptPhase6Test" time="0.0"/>
  <system-out><![CDATA[]]></system-out>
  <system-err><![CDATA[]]></system-err>
</testsuite>
