<?xml version="1.0" encoding="UTF-8"?>
<testsuite name="ai.opencode.android.client.UiErrorTest" tests="13" skipped="0" failures="0" errors="0" timestamp="2026-09-08T09:03:20" hostname="runnervmejwal" time="0.003">
  <properties/>
  <testcase name="apiErrorStatusCodesDecideBetweenAuthNetworkAndOther" classname="ai.opencode.android.client.UiErrorTest" time="0.0"/>
  <testcase name="modelSideLimitsAreProviderFailures" classname="ai.opencode.android.client.UiErrorTest" time="0.0"/>
  <testcase name="providerAuthErrorIsProviderAuthWhateverTheMessageSays" classname="ai.opencode.android.client.UiErrorTest" time="0.0"/>
  <testcase name="theMostLocalFailureWins" classname="ai.opencode.android.client.UiErrorTest" time="0.0"/>
  <testcase name="sendingIsBlockedOnlyByTheLocalAgent" classname="ai.opencode.android.client.UiErrorTest" time="0.0"/>
  <testcase name="anUnnamedErrorKeepsItsHintsButNeverInventsACause" classname="ai.opencode.android.client.UiErrorTest" time="0.0"/>
  <testcase name="serverCallClassificationSeparatesTransportFromRefusal" classname="ai.opencode.android.client.UiErrorTest" time="0.0"/>
  <testcase name="anEmptyErrorIsUnknownRatherThanSomethingInvented" classname="ai.opencode.android.client.UiErrorTest" time="0.0"/>
  <testcase name="abortIsItsOwnStateAndIsNotAnError" classname="ai.opencode.android.client.UiErrorTest" time="0.0"/>
  <testcase name="runtimeStatesMapOntoStartingVersusUnavailable" classname="ai.opencode.android.client.UiErrorTest" time="0.0"/>
  <testcase name="aProviderFailureNeverMakesTheWholeAppLookBroken" classname="ai.opencode.android.client.UiErrorTest" time="0.0"/>
  <testcase name="retryableApiErrorIsTreatedAsReachabilityNotAsABug" classname="ai.opencode.android.client.UiErrorTest" time="0.0"/>
  <testcase name="unknownNamesFallBackToMessageHints" classname="ai.opencode.android.client.UiErrorTest" time="0.0"/>
  <system-out><![CDATA[]]></system-out>
  <system-err><![CDATA[]]></system-err>
</testsuite>
