<?xml version="1.0" encoding="UTF-8"?>
<testsuite name="ai.opencode.android.runtime.RuntimeStateMachineTest" tests="11" skipped="0" failures="0" errors="0" timestamp="2026-09-09T09:54:13" hostname="runnervmlun5p" time="0.004">
  <properties/>
  <testcase name="coldStartPathIsLegal" classname="ai.opencode.android.runtime.RuntimeStateMachineTest" time="0.001"/>
  <testcase name="everyStatusKnowsItsLegalTargets" classname="ai.opencode.android.runtime.RuntimeStateMachineTest" time="0.0"/>
  <testcase name="noStateSkipsExtractionOnReentry" classname="ai.opencode.android.runtime.RuntimeStateMachineTest" time="0.0"/>
  <testcase name="aCrashCanOnlyReachHealthyThroughStarting" classname="ai.opencode.android.runtime.RuntimeStateMachineTest" time="0.001"/>
  <testcase name="userStopIsLegalFromEveryActiveState" classname="ai.opencode.android.runtime.RuntimeStateMachineTest" time="0.0"/>
  <testcase name="reEntryFromDeadEndsGoesThroughExtraction" classname="ai.opencode.android.runtime.RuntimeStateMachineTest" time="0.0"/>
  <testcase name="impossibleTransitionsAreRejected" classname="ai.opencode.android.runtime.RuntimeStateMachineTest" time="0.0"/>
  <testcase name="crashRestartCycleIsLegal" classname="ai.opencode.android.runtime.RuntimeStateMachineTest" time="0.0"/>
  <testcase name="theWholeTableIsClosedAndSelfConsistent" classname="ai.opencode.android.runtime.RuntimeStateMachineTest" time="0.001"/>
  <testcase name="giveUpIsLegalFromEveryActiveState" classname="ai.opencode.android.runtime.RuntimeStateMachineTest" time="0.001"/>
  <testcase name="retryWithinOneStartAttemptIsLegal" classname="ai.opencode.android.runtime.RuntimeStateMachineTest" time="0.0"/>
  <system-out><![CDATA[]]></system-out>
  <system-err><![CDATA[]]></system-err>
</testsuite>
