<?xml version="1.0" encoding="UTF-8"?>
<testsuite name="ai.opencode.android.ui.markdown.MarkdownTest" tests="21" skipped="0" failures="0" errors="0" timestamp="2026-09-09T09:36:45" hostname="runnervmlun5p" time="0.009">
  <properties/>
  <testcase name="inlineSpanTextAlwaysConcatenatesBackToTheVisibleText" classname="ai.opencode.android.ui.markdown.MarkdownTest" time="0.001"/>
  <testcase name="emptyInputProducesNoBlocks" classname="ai.opencode.android.ui.markdown.MarkdownTest" time="0.0"/>
  <testcase name="fencedCodeBlockKeepsLanguageAndByteExactSource" classname="ai.opencode.android.ui.markdown.MarkdownTest" time="0.002"/>
  <testcase name="blockquoteAndRule" classname="ai.opencode.android.ui.markdown.MarkdownTest" time="0.0"/>
  <testcase name="pipeTableSplitsCells" classname="ai.opencode.android.ui.markdown.MarkdownTest" time="0.001"/>
  <testcase name="crlfIsNormalised" classname="ai.opencode.android.ui.markdown.MarkdownTest" time="0.0"/>
  <testcase name="underscoreInsideAWordIsNotEmphasis" classname="ai.opencode.android.ui.markdown.MarkdownTest" time="0.0"/>
  <testcase name="listsCarryDepthMarkerAndOrdering" classname="ai.opencode.android.ui.markdown.MarkdownTest" time="0.001"/>
  <testcase name="linksCarryLabelAndUrl" classname="ai.opencode.android.ui.markdown.MarkdownTest" time="0.0"/>
  <testcase name="unterminatedFenceIsStillCodeBecauseTheRestHasNotArrived" classname="ai.opencode.android.ui.markdown.MarkdownTest" time="0.001"/>
  <testcase name="indentedContinuationJoinsThePreviousItem" classname="ai.opencode.android.ui.markdown.MarkdownTest" time="0.0"/>
  <testcase name="backslashEscapesAreLiteral" classname="ai.opencode.android.ui.markdown.MarkdownTest" time="0.0"/>
  <testcase name="boldItalicStrikeAndInlineCode" classname="ai.opencode.android.ui.markdown.MarkdownTest" time="0.0"/>
  <testcase name="paragraphIsOneBlockAndKeepsSoftLineBreaks" classname="ai.opencode.android.ui.markdown.MarkdownTest" time="0.0"/>
  <testcase name="unterminatedEmphasisStaysLiteralWhileStreaming" classname="ai.opencode.android.ui.markdown.MarkdownTest" time="0.0"/>
  <testcase name="strongUsesDoubleMarkersAndNestsEmphasis" classname="ai.opencode.android.ui.markdown.MarkdownTest" time="0.0"/>
  <testcase name="languageNormalisationIsLowercaseAndAliasFree" classname="ai.opencode.android.ui.markdown.MarkdownTest" time="0.0"/>
  <testcase name="blankLineSeparatesParagraphs" classname="ai.opencode.android.ui.markdown.MarkdownTest" time="0.0"/>
  <testcase name="tildeFenceAndInfoStringAttributes" classname="ai.opencode.android.ui.markdown.MarkdownTest" time="0.0"/>
  <testcase name="atxHeadingsCarryTheirLevel" classname="ai.opencode.android.ui.markdown.MarkdownTest" time="0.001"/>
  <testcase name="unterminatedLinkStaysLiteralWhileStreaming" classname="ai.opencode.android.ui.markdown.MarkdownTest" time="0.0"/>
  <system-out><![CDATA[]]></system-out>
  <system-err><![CDATA[]]></system-err>
</testsuite>
