<?xml version="1.0" encoding="UTF-8"?>
<testsuite name="ai.opencode.android.projects.ProjectStorePersistenceTest" tests="7" skipped="0" failures="0" errors="0" timestamp="2026-09-08T09:03:21" hostname="runnervmejwal" time="0.016">
  <properties/>
  <testcase name="theActiveProjectSurvivesARestart" classname="ai.opencode.android.projects.ProjectStorePersistenceTest" time="0.003"/>
  <testcase name="theProjectListSurvivesARestart" classname="ai.opencode.android.projects.ProjectStorePersistenceTest" time="0.001"/>
  <testcase name="filesystemDiscoveredProjectsWithoutPreferencesStillAppear" classname="ai.opencode.android.projects.ProjectStorePersistenceTest" time="0.001"/>
  <testcase name="timestampsSurviveARestart" classname="ai.opencode.android.projects.ProjectStorePersistenceTest" time="0.001"/>
  <testcase name="aStaleActivePointerWithNoProjectsLeftIsNull" classname="ai.opencode.android.projects.ProjectStorePersistenceTest" time="0.003"/>
  <testcase name="theMostRecentlyOpenedProjectSortsFirst" classname="ai.opencode.android.projects.ProjectStorePersistenceTest" time="0.005"/>
  <testcase name="aStaleActivePointerFallsBackToTheMostRecentlyOpenedProject" classname="ai.opencode.android.projects.ProjectStorePersistenceTest" time="0.001"/>
  <system-out><![CDATA[]]></system-out>
  <system-err><![CDATA[]]></system-err>
</testsuite>
