<?xml version="1.0" encoding="UTF-8"?>
<testsuite name="ai.opencode.android.runtime.RestartBackoffTest" tests="7" skipped="0" failures="0" errors="0" timestamp="2026-09-08T10:51:09" hostname="runnervmejwal" time="0.01">
  <properties/>
  <testcase name="delayIsNeverBelowTheFloorNorAboveTheCap" classname="ai.opencode.android.runtime.RestartBackoffTest" time="0.008"/>
  <testcase name="totalWorstCaseBackoffBudgetIsBounded" classname="ai.opencode.android.runtime.RestartBackoffTest" time="0.0"/>
  <testcase name="delayGrowsExponentiallyUntilTheCap" classname="ai.opencode.android.runtime.RestartBackoffTest" time="0.0"/>
  <testcase name="firstRetryLandsBetweenHalfAndOneAndAHalfSeconds" classname="ai.opencode.android.runtime.RestartBackoffTest" time="0.0"/>
  <testcase name="supervisorGivesUpAfterEightAttempts" classname="ai.opencode.android.runtime.RestartBackoffTest" time="0.0"/>
  <testcase name="attemptsAreOneBasedAndInvalidInputIsRejected" classname="ai.opencode.android.runtime.RestartBackoffTest" time="0.001"/>
  <testcase name="jitterBandIsHalfToOneAndAHalfOfTheExponentialStep" classname="ai.opencode.android.runtime.RestartBackoffTest" time="0.001"/>
  <system-out><![CDATA[]]></system-out>
  <system-err><![CDATA[]]></system-err>
</testsuite>
