<?xml version="1.0" encoding="UTF-8"?>
<testsuite name="ai.opencode.android.projects.ProjectStoreLifecycleTest" tests="7" skipped="0" failures="0" errors="0" timestamp="2026-09-09T09:36:43" hostname="runnervmlun5p" time="0.01">
  <properties/>
  <testcase name="deleteRemovesTheDirectoryAndClearsActiveWhenItWasCurrent" classname="ai.opencode.android.projects.ProjectStoreLifecycleTest" time="0.004"/>
  <testcase name="adoptRegistersAnExistingDirectoryWithoutRenamingIt" classname="ai.opencode.android.projects.ProjectStoreLifecycleTest" time="0.001"/>
  <testcase name="renameMovesTheDirectoryAndKeepsItOpen" classname="ai.opencode.android.projects.ProjectStoreLifecycleTest" time="0.001"/>
  <testcase name="renameOfAMissingProjectReturnsNull" classname="ai.opencode.android.projects.ProjectStoreLifecycleTest" time="0.001"/>
  <testcase name="uniqueNameNeverCollidesWithExistingDirectories" classname="ai.opencode.android.projects.ProjectStoreLifecycleTest" time="0.001"/>
  <testcase name="createSuffixesCollisions" classname="ai.opencode.android.projects.ProjectStoreLifecycleTest" time="0.001"/>
  <testcase name="renameToACollidingNameGetsASuffix" classname="ai.opencode.android.projects.ProjectStoreLifecycleTest" time="0.001"/>
  <system-out><![CDATA[]]></system-out>
  <system-err><![CDATA[]]></system-err>
</testsuite>
