<?xml version="1.0" encoding="UTF-8"?>
<testsuite name="ai.opencode.android.client.ToolMetaParserTest" tests="13" skipped="0" failures="0" errors="0" timestamp="2026-09-08T09:03:20" hostname="runnervmejwal" time="0.004">
  <properties/>
  <testcase name="readMetadataTruncationIsReported" classname="ai.opencode.android.client.ToolMetaParserTest" time="0.001"/>
  <testcase name="aMissingExitStaysNullInsteadOfPretendingSuccess" classname="ai.opencode.android.client.ToolMetaParserTest" time="0.0"/>
  <testcase name="blankGarbageAndNullsNeverThrow" classname="ai.opencode.android.client.ToolMetaParserTest" time="0.0"/>
  <testcase name="builtinToolNamesMapOntoFamilies" classname="ai.opencode.android.client.ToolMetaParserTest" time="0.001"/>
  <testcase name="writeAndEditMetadataCarryTheDiffAndItsCounts" classname="ai.opencode.android.client.ToolMetaParserTest" time="0.001"/>
  <testcase name="shellMetadataCarriesOutputExitAndTruncation" classname="ai.opencode.android.client.ToolMetaParserTest" time="0.0"/>
  <testcase name="underscoredNamesFromMcpServersAreMcp" classname="ai.opencode.android.client.ToolMetaParserTest" time="0.0"/>
  <testcase name="matchingIsCaseInsensitiveAndExactBeforePattern" classname="ai.opencode.android.client.ToolMetaParserTest" time="0.0"/>
  <testcase name="truncatedShellOutputPointsAtTheFullFile" classname="ai.opencode.android.client.ToolMetaParserTest" time="0.0"/>
  <testcase name="diagnosticsWithoutADiffAreStillCounted" classname="ai.opencode.android.client.ToolMetaParserTest" time="0.0"/>
  <testcase name="aDiffOnlyInsideFilediffIsStillADiff" classname="ai.opencode.android.client.ToolMetaParserTest" time="0.0"/>
  <testcase name="anythingUnrecognisedIsOtherAndStillRendered" classname="ai.opencode.android.client.ToolMetaParserTest" time="0.0"/>
  <testcase name="numbersOfAnyJsonTypeStillParse" classname="ai.opencode.android.client.ToolMetaParserTest" time="0.0"/>
  <system-out><![CDATA[]]></system-out>
  <system-err><![CDATA[]]></system-err>
</testsuite>
