<?xml version="1.0" encoding="UTF-8"?>
<testsuite name="ai.opencode.android.projects.ProjectStoreSanitizeTest" tests="10" skipped="0" failures="0" errors="0" timestamp="2026-09-08T08:51:34" hostname="runnervmejwal" time="0.007">
  <properties/>
  <testcase name="ordinaryNamesAreUnchanged" classname="ai.opencode.android.projects.ProjectStoreSanitizeTest" time="0.0"/>
  <testcase name="aLeadingOrTrailingDotIsDropped" classname="ai.opencode.android.projects.ProjectStoreSanitizeTest" time="0.0"/>
  <testcase name="theResultIsAlwaysAUsableSinglePathComponent" classname="ai.opencode.android.projects.ProjectStoreSanitizeTest" time="0.003"/>
  <testcase name="separatorsBecomeDashesAndRunsCollapse" classname="ai.opencode.android.projects.ProjectStoreSanitizeTest" time="0.0"/>
  <testcase name="nonAsciiLettersAreKeptBecauseTheyAreLegalDirectoryNames" classname="ai.opencode.android.projects.ProjectStoreSanitizeTest" time="0.001"/>
  <testcase name="aCappedNameNeverEndsInADashOrDot" classname="ai.opencode.android.projects.ProjectStoreSanitizeTest" time="0.0"/>
  <testcase name="pathTraversalCannotSurvive" classname="ai.opencode.android.projects.ProjectStoreSanitizeTest" time="0.0"/>
  <testcase name="theDefaultProjectNameIsAlreadySanitized" classname="ai.opencode.android.projects.ProjectStoreSanitizeTest" time="0.001"/>
  <testcase name="lengthIsCapped" classname="ai.opencode.android.projects.ProjectStoreSanitizeTest" time="0.001"/>
  <testcase name="surroundingWhitespaceIsTrimmed" classname="ai.opencode.android.projects.ProjectStoreSanitizeTest" time="0.0"/>
  <system-out><![CDATA[]]></system-out>
  <system-err><![CDATA[]]></system-err>
</testsuite>
