<?xml version="1.0" encoding="UTF-8"?>
<testsuite name="ai.opencode.android.runtime.PayloadExtractionValidationTest" tests="14" skipped="0" failures="0" errors="0" timestamp="2026-09-08T17:59:28" hostname="runnervmejwal" time="0.039">
  <properties/>
  <testcase name="aTarEntryThatEscapesTheRootIsRejected" classname="ai.opencode.android.runtime.PayloadExtractionValidationTest" time="0.002"/>
  <testcase name="aStaleMarkerVersionIsAReExtraction" classname="ai.opencode.android.runtime.PayloadExtractionValidationTest" time="0.006"/>
  <testcase name="aShaMismatchIsAReExtraction" classname="ai.opencode.android.runtime.PayloadExtractionValidationTest" time="0.004"/>
  <testcase name="aCompleteValidExtractionReturnsNull" classname="ai.opencode.android.runtime.PayloadExtractionValidationTest" time="0.004"/>
  <testcase name="aMissingEntryFileIsAReExtraction" classname="ai.opencode.android.runtime.PayloadExtractionValidationTest" time="0.003"/>
  <testcase name="aMissingServerBundleIsAReExtraction" classname="ai.opencode.android.runtime.PayloadExtractionValidationTest" time="0.002"/>
  <testcase name="sha256MatchesTheJdkDigest" classname="ai.opencode.android.runtime.PayloadExtractionValidationTest" time="0.001"/>
  <testcase name="unpackRestoresFilesAndDirectories" classname="ai.opencode.android.runtime.PayloadExtractionValidationTest" time="0.002"/>
  <testcase name="aMissingMarkerMeansFirstRunOrWipe" classname="ai.opencode.android.runtime.PayloadExtractionValidationTest" time="0.002"/>
  <testcase name="aSizeMismatchIsAReExtraction" classname="ai.opencode.android.runtime.PayloadExtractionValidationTest" time="0.005"/>
  <testcase name="anUnsafeManifestEntryIsAReExtraction" classname="ai.opencode.android.runtime.PayloadExtractionValidationTest" time="0.003"/>
  <testcase name="anUnreadableMarkerIsAReExtraction" classname="ai.opencode.android.runtime.PayloadExtractionValidationTest" time="0.002"/>
  <testcase name="aMissingLauncherIsAReExtraction" classname="ai.opencode.android.runtime.PayloadExtractionValidationTest" time="0.002"/>
  <testcase name="aTruncatedTarEntryIsRejected" classname="ai.opencode.android.runtime.PayloadExtractionValidationTest" time="0.001"/>
  <system-out><![CDATA[]]></system-out>
  <system-err><![CDATA[]]></system-err>
</testsuite>
