<?xml version="1.0" encoding="UTF-8"?>
<testsuite name="ai.opencode.android.client.ProviderSetupTest" tests="4" skipped="0" failures="0" errors="0" timestamp="2026-09-12T09:39:53" hostname="runnervmlun5p" time="0.001">
  <properties/>
  <testcase name="nothingStoredAndNothingConnectedIsTheNamedEmptyState" classname="ai.opencode.android.client.ProviderSetupTest" time="0.001"/>
  <testcase name="anUnknownProviderListIsUnknownEvenWithStoredKeys" classname="ai.opencode.android.client.ProviderSetupTest" time="0.0"/>
  <testcase name="aStoredKeyWithoutConnectionIsConfiguredNotConnected" classname="ai.opencode.android.client.ProviderSetupTest" time="0.0"/>
  <testcase name="connectedWinsOverEverything" classname="ai.opencode.android.client.ProviderSetupTest" time="0.0"/>
  <system-out><![CDATA[]]></system-out>
  <system-err><![CDATA[]]></system-err>
</testsuite>
