<?xml version="1.0" encoding="UTF-8"?>
<testsuite name="ai.opencode.android.memory.ProjectMemoryTest" tests="6" skipped="0" failures="0" errors="0" timestamp="2026-09-10T14:42:39" hostname="runnervmlun5p" time="0.019">
  <properties/>
  <testcase name="projectAndGlobalFilesLiveInTheirOwnScopes" classname="ai.opencode.android.memory.ProjectMemoryTest" time="0.007"/>
  <testcase name="blankWriteRemovesTheFile" classname="ai.opencode.android.memory.ProjectMemoryTest" time="0.005"/>
  <testcase name="contentIsTrimmedOfSurroundingWhitespace" classname="ai.opencode.android.memory.ProjectMemoryTest" time="0.002"/>
  <testcase name="removeDeletesTheFile" classname="ai.opencode.android.memory.ProjectMemoryTest" time="0.001"/>
  <testcase name="readingAMissingFileIsEmptyNotAnError" classname="ai.opencode.android.memory.ProjectMemoryTest" time="0.002"/>
  <testcase name="writeThenReadRoundTrips" classname="ai.opencode.android.memory.ProjectMemoryTest" time="0.001"/>
  <system-out><![CDATA[]]></system-out>
  <system-err><![CDATA[]]></system-err>
</testsuite>
