<?xml version="1.0" encoding="UTF-8"?>
<testsuite name="ai.opencode.android.client.EventFrameTest" tests="5" skipped="0" failures="0" errors="0" timestamp="2026-09-08T17:06:21" hostname="runnervmejwal" time="0.006">
  <properties/>
  <testcase name="derivesLegacyType" classname="ai.opencode.android.client.EventFrameTest" time="0.004"/>
  <testcase name="sessionIDFoundInNestedShapes" classname="ai.opencode.android.client.EventFrameTest" time="0.0"/>
  <testcase name="permissionEventsMatchBothSpellings" classname="ai.opencode.android.client.EventFrameTest" time="0.0"/>
  <testcase name="nullAndUnknownShapesDoNotThrow" classname="ai.opencode.android.client.EventFrameTest" time="0.001"/>
  <testcase name="stripsDurableVersionSuffix" classname="ai.opencode.android.client.EventFrameTest" time="0.0"/>
  <system-out><![CDATA[]]></system-out>
  <system-err><![CDATA[]]></system-err>
</testsuite>
