<?xml version="1.0" encoding="UTF-8"?>
<testsuite name="ai.opencode.android.runtime.RuntimeVersionTest" tests="14" skipped="0" failures="0" errors="0" timestamp="2026-09-08T17:59:28" hostname="runnervmejwal" time="0.003">
  <properties/>
  <testcase name="aWrongOpencodeVersionIsRejected" classname="ai.opencode.android.runtime.RuntimeVersionTest" time="0.0"/>
  <testcase name="thePinsMatchTheLockfileContract" classname="ai.opencode.android.runtime.RuntimeVersionTest" time="0.0"/>
  <testcase name="aWrongRipgrepVersionIsRejected" classname="ai.opencode.android.runtime.RuntimeVersionTest" time="0.0"/>
  <testcase name="everyMismatchIsReportedTogether" classname="ai.opencode.android.runtime.RuntimeVersionTest" time="0.001"/>
  <testcase name="safeRelativePathsAreAccepted" classname="ai.opencode.android.runtime.RuntimeVersionTest" time="0.0"/>
  <testcase name="aWrongBunVersionIsRejected" classname="ai.opencode.android.runtime.RuntimeVersionTest" time="0.0"/>
  <testcase name="aWrongOpencodeCommitIsRejected" classname="ai.opencode.android.runtime.RuntimeVersionTest" time="0.0"/>
  <testcase name="aManifestWithoutFilesIsRefusedOnParse" classname="ai.opencode.android.runtime.RuntimeVersionTest" time="0.0"/>
  <testcase name="aWrongPayloadVersionIsRejected" classname="ai.opencode.android.runtime.RuntimeVersionTest" time="0.001"/>
  <testcase name="aMatchingManifestIsValid" classname="ai.opencode.android.runtime.RuntimeVersionTest" time="0.0"/>
  <testcase name="unsafePathsAreRejected" classname="ai.opencode.android.runtime.RuntimeVersionTest" time="0.0"/>
  <testcase name="aManifestWithAnUnsafePathIsRefusedOnParse" classname="ai.opencode.android.runtime.RuntimeVersionTest" time="0.0"/>
  <testcase name="manifestJsonRoundTrips" classname="ai.opencode.android.runtime.RuntimeVersionTest" time="0.0"/>
  <testcase name="aWrongGitVersionIsRejected" classname="ai.opencode.android.runtime.RuntimeVersionTest" time="0.001"/>
  <system-out><![CDATA[]]></system-out>
  <system-err><![CDATA[]]></system-err>
</testsuite>
