<?xml version="1.0" encoding="UTF-8"?>
<testsuite name="ai.opencode.android.client.TranscriptTest" tests="7" skipped="0" failures="0" errors="0" timestamp="2026-09-08T08:45:40" hostname="runnervmejwal" time="0.003">
  <properties/>
  <testcase name="toolPartLifecycleKeepsLatestStatus" classname="ai.opencode.android.client.TranscriptTest" time="0.001"/>
  <testcase name="sessionDeletedDropsEverything" classname="ai.opencode.android.client.TranscriptTest" time="0.0"/>
  <testcase name="ignoresForeignAndMalformedFrames" classname="ai.opencode.android.client.TranscriptTest" time="0.001"/>
  <testcase name="partRemovedDropsThePart" classname="ai.opencode.android.client.TranscriptTest" time="0.0"/>
  <testcase name="mergesTextPartUpdatesIntoOneMessage" classname="ai.opencode.android.client.TranscriptTest" time="0.0"/>
  <testcase name="busyFollowsSessionStatusAndIdle" classname="ai.opencode.android.client.TranscriptTest" time="0.001"/>
  <testcase name="permissionAskThenReplyClears" classname="ai.opencode.android.client.TranscriptTest" time="0.0"/>
  <system-out><![CDATA[]]></system-out>
  <system-err><![CDATA[]]></system-err>
</testsuite>
