<?xml version="1.0" encoding="UTF-8"?>
<testsuite name="ai.opencode.android.projects.ProjectIoTest" tests="8" skipped="0" failures="0" errors="0" timestamp="2026-09-12T10:02:21" hostname="runnervmlun5p" time="0.024">
  <properties/>
  <testcase name="renameRefusesToClobberAnExistingDirectory" classname="ai.opencode.android.projects.ProjectIoTest" time="0.001"/>
  <testcase name="copyTreeEnforcesTheByteCapAndLeavesNothingPartial" classname="ai.opencode.android.projects.ProjectIoTest" time="0.005"/>
  <testcase name="sizeOfSumsAWholeTree" classname="ai.opencode.android.projects.ProjectIoTest" time="0.001"/>
  <testcase name="renameMovesATreeAndKeepsContents" classname="ai.opencode.android.projects.ProjectIoTest" time="0.001"/>
  <testcase name="deleteTreeRemovesRecursively" classname="ai.opencode.android.projects.ProjectIoTest" time="0.001"/>
  <testcase name="copyTreeSkipsSymlinks" classname="ai.opencode.android.projects.ProjectIoTest" time="0.001"/>
  <testcase name="zipTreeRoundTripsFiles" classname="ai.opencode.android.projects.ProjectIoTest" time="0.013"/>
  <testcase name="writeStreamRemovesThePartialFileWhenTheCapIsBreached" classname="ai.opencode.android.projects.ProjectIoTest" time="0.001"/>
  <system-out><![CDATA[]]></system-out>
  <system-err><![CDATA[]]></system-err>
</testsuite>
