<?xml version="1.0" encoding="UTF-8"?>
<testsuite name="ai.opencode.android.client.ProviderSetupTest" tests="4" skipped="0" failures="0" errors="0" timestamp="2026-09-09T12:07:58" hostname="runnervmejwal" time="0.002">
  <properties/>
  <testcase name="nothingStoredAndNothingConnectedIsTheNamedEmptyState" classname="ai.opencode.android.client.ProviderSetupTest" time="0.001"/>
  <testcase name="anUnknownProviderListIsUnknownEvenWithStoredKeys" classname="ai.opencode.android.client.ProviderSetupTest" time="0.0"/>
  <testcase name="aStoredKeyWithoutConnectionIsConfiguredNotConnected" classname="ai.opencode.android.client.ProviderSetupTest" time="0.0"/>
  <testcase name="connectedWinsOverEverything" classname="ai.opencode.android.client.ProviderSetupTest" time="0.001"/>
  <system-out><![CDATA[]]></system-out>
  <system-err><![CDATA[]]></system-err>
</testsuite>
