<?xml version="1.0" encoding="UTF-8"?>
<testsuite name="ai.opencode.android.runtime.RuntimeEnvTest" tests="7" skipped="0" failures="0" errors="0" timestamp="2026-09-08T10:01:02" hostname="runnervmejwal" time="0.006">
  <properties/>
  <testcase name="buildCarriesTheServerAuthAndIdentity" classname="ai.opencode.android.runtime.RuntimeEnvTest" time="0.002"/>
  <testcase name="buildPointsEveryWritablePathAtAppPrivateStorage" classname="ai.opencode.android.runtime.RuntimeEnvTest" time="0.001"/>
  <testcase name="portAndUserAreFixedAndValid" classname="ai.opencode.android.runtime.RuntimeEnvTest" time="0.0"/>
  <testcase name="buildHonoursALoopbackHostnameOverrideButNothingElse" classname="ai.opencode.android.runtime.RuntimeEnvTest" time="0.002"/>
  <testcase name="buildPutstheBundledToolsFirstOnThePath" classname="ai.opencode.android.runtime.RuntimeEnvTest" time="0.0"/>
  <testcase name="hostnameAcceptsTheFullLoopbackSet" classname="ai.opencode.android.runtime.RuntimeEnvTest" time="0.001"/>
  <testcase name="hostnameIsFailClosedForEveryNonLoopbackRequest" classname="ai.opencode.android.runtime.RuntimeEnvTest" time="0.0"/>
  <system-out><![CDATA[]]></system-out>
  <system-err><![CDATA[]]></system-err>
</testsuite>
