<?xml version="1.0" encoding="UTF-8"?>
<testsuite name="ai.opencode.android.client.UiErrorOfflineTest" tests="18" skipped="0" failures="0" errors="0" timestamp="2026-09-08T08:29:24" hostname="runnervmejwal" time="0.01">
  <properties/>
  <testcase name="apiError5xxIsAProviderReachabilityFailure" classname="ai.opencode.android.client.UiErrorOfflineTest" time="0.002"/>
  <testcase name="a429WithAuthSoundingTextIsStillUnreachable" classname="ai.opencode.android.client.UiErrorOfflineTest" time="0.001"/>
  <testcase name="networkTextIsRecognisedFromTheKnownHintVocabulary" classname="ai.opencode.android.client.UiErrorOfflineTest" time="0.001"/>
  <testcase name="authHintsInTheTextAreRecognisedWhenThereIsNoStatus" classname="ai.opencode.android.client.UiErrorOfflineTest" time="0.0"/>
  <testcase name="authHintsTakePrecedenceOverNetworkHints" classname="ai.opencode.android.client.UiErrorOfflineTest" time="0.0"/>
  <testcase name="apiError401IsAProviderAuthFailure" classname="ai.opencode.android.client.UiErrorOfflineTest" time="0.0"/>
  <testcase name="onlyLocalFailureStatesDisableSending" classname="ai.opencode.android.client.UiErrorOfflineTest" time="0.001"/>
  <testcase name="runtimeStateNamesMapOntoTheTwoRuntimeBuckets" classname="ai.opencode.android.client.UiErrorOfflineTest" time="0.0"/>
  <testcase name="aTransportFailureOfTheAppCallIsServerUnreachable" classname="ai.opencode.android.client.UiErrorOfflineTest" time="0.001"/>
  <testcase name="aNamedProviderErrorWithNoRecognisableTextIsProviderOther" classname="ai.opencode.android.client.UiErrorOfflineTest" time="0.0"/>
  <testcase name="aRetryableApiErrorIsProviderReachability" classname="ai.opencode.android.client.UiErrorOfflineTest" time="0.001"/>
  <testcase name="anAbortIsNeverAServerProblem" classname="ai.opencode.android.client.UiErrorOfflineTest" time="0.0"/>
  <testcase name="structuralFailuresAreNotNetworkProblems" classname="ai.opencode.android.client.UiErrorOfflineTest" time="0.001"/>
  <testcase name="theRuntimeStateAlwaysWinsOverEverything" classname="ai.opencode.android.client.UiErrorOfflineTest" time="0.0"/>
  <testcase name="anUnrecognisedNameWithNoTextIsUnknown" classname="ai.opencode.android.client.UiErrorOfflineTest" time="0.0"/>
  <testcase name="apiError403IsAProviderAuthFailure" classname="ai.opencode.android.client.UiErrorOfflineTest" time="0.001"/>
  <testcase name="theAppCallStatusesClassifySeparately" classname="ai.opencode.android.client.UiErrorOfflineTest" time="0.0"/>
  <testcase name="theUpstreamProviderAuthErrorNameAlwaysWins" classname="ai.opencode.android.client.UiErrorOfflineTest" time="0.0"/>
  <system-out><![CDATA[]]></system-out>
  <system-err><![CDATA[]]></system-err>
</testsuite>
