<?xml version="1.0" encoding="UTF-8"?>
<testsuite name="ai.opencode.android.client.OpenCodeApiHttpTest" tests="10" skipped="0" failures="0" errors="0" timestamp="2026-09-16T18:13:45" hostname="runnervmlun5p" time="0.453">
  <properties/>
  <testcase name="mcpAddPostsNameAndConfig" classname="ai.opencode.android.client.OpenCodeApiHttpTest" time="0.056"/>
  <testcase name="permissionReplyUsesTheUpstreamRoute" classname="ai.opencode.android.client.OpenCodeApiHttpTest" time="0.014"/>
  <testcase name="non2xxBecomesTypedError" classname="ai.opencode.android.client.OpenCodeApiHttpTest" time="0.038"/>
  <testcase name="healthIsGlobalAndCarriesBasicAuth" classname="ai.opencode.android.client.OpenCodeApiHttpTest" time="0.008"/>
  <testcase name="promptAsyncSendsUpstreamPartShape" classname="ai.opencode.android.client.OpenCodeApiHttpTest" time="0.008"/>
  <testcase name="authProvisioningUsesProviderIdRoute" classname="ai.opencode.android.client.OpenCodeApiHttpTest" time="0.005"/>
  <testcase name="patchMethodIsAndroidOnly" classname="ai.opencode.android.client.OpenCodeApiHttpTest" time="0.0"/>
  <testcase name="sessionCreateIsDirectoryScopedAndPassesTitle" classname="ai.opencode.android.client.OpenCodeApiHttpTest" time="0.004"/>
  <testcase name="bodylessRequestsDeclareZeroLength" classname="ai.opencode.android.client.OpenCodeApiHttpTest" time="0.004"/>
  <testcase name="eventStreamParsesFramesAndReconnects" classname="ai.opencode.android.client.OpenCodeApiHttpTest" time="0.311"/>
  <system-out><![CDATA[]]></system-out>
  <system-err><![CDATA[]]></system-err>
</testsuite>
