<?xml version="1.0" encoding="UTF-8"?>
<testsuite name="ai.opencode.android.client.LoopbackGuardTest" tests="5" skipped="0" failures="0" errors="0" timestamp="2026-09-07T11:17:34" hostname="runnervmejwal" time="0.086">
  <properties/>
  <testcase name="bindHostname_defaultsToLoopbackWhenUnset" classname="ai.opencode.android.client.LoopbackGuardTest" time="0.042"/>
  <testcase name="bindHostname_refusesNonLoopbackAndKeepsLoopback" classname="ai.opencode.android.client.LoopbackGuardTest" time="0.024"/>
  <testcase name="checked_acceptsLoopbackUrlsOnly" classname="ai.opencode.android.client.LoopbackGuardTest" time="0.014"/>
  <testcase name="isLoopbackLiteral_coversThe127Block" classname="ai.opencode.android.client.LoopbackGuardTest" time="0.0"/>
  <testcase name="bindHostname_acceptsLoopbackForms" classname="ai.opencode.android.client.LoopbackGuardTest" time="0.0"/>
  <system-out><![CDATA[]]></system-out>
  <system-err><![CDATA[]]></system-err>
</testsuite>
