<?xml version="1.0" encoding="UTF-8"?>
<testsuite name="ai.opencode.android.runtime.ManifestTest" tests="4" skipped="0" failures="0" errors="0" timestamp="2026-09-07T18:54:10" hostname="runnervmejwal" time="0.009">
  <properties/>
  <testcase name="roundTripsVersionsAndEntries" classname="ai.opencode.android.runtime.ManifestTest" time="0.007"/>
  <testcase name="unknownFieldsTolerated" classname="ai.opencode.android.runtime.ManifestTest" time="0.001"/>
  <testcase name="rejectsManifestVersionDriftFromLock" classname="ai.opencode.android.runtime.ManifestTest" time="0.001"/>
  <testcase name="rejectsUnsafeManifestPaths" classname="ai.opencode.android.runtime.ManifestTest" time="0.0"/>
  <system-out><![CDATA[]]></system-out>
  <system-err><![CDATA[]]></system-err>
</testsuite>
