<?xml version="1.0" encoding="UTF-8"?>
<testsuite name="ai.opencode.android.client.TranscriptPhase6Test" tests="33" skipped="0" failures="1" errors="0" timestamp="2026-09-07T08:14:37" hostname="runnervmejwal" time="0.022">
  <properties/>
  <testcase name="loadedPartsBecomeRenderablePartsInServerOrder" classname="ai.opencode.android.client.TranscriptPhase6Test" time="0.005"/>
  <testcase name="startingANewTurnClearsThePreviousTurnsError" classname="ai.opencode.android.client.TranscriptPhase6Test" time="0.001"/>
  <testcase name="anAssistantMessageErrorIsMirroredOntoTheMessageAndTheSession" classname="ai.opencode.android.client.TranscriptPhase6Test" time="0.001"/>
  <testcase name="aCanonicalPartFrameAfterDeltasOverwritesRatherThanDoubles" classname="ai.opencode.android.client.TranscriptPhase6Test" time="0.006"/>
  <testcase name="theServersOwnPendingListReplacesWhatTheStreamGuessed" classname="ai.opencode.android.client.TranscriptPhase6Test" time="0.0"/>
  <testcase name="anUnknownErrorShapeIsKeptRatherThanDiscarded" classname="ai.opencode.android.client.TranscriptPhase6Test" time="0.001">
    <failure message="java.lang.AssertionError: expected:&lt;UNKNOWN&gt; but was:&lt;PROVIDER_OTHER&gt;" type="java.lang.AssertionError">java.lang.AssertionError: expected:&lt;UNKNOWN&gt; but was:&lt;PROVIDER_OTHER&gt;
	at org.junit.Assert.fail(Assert.java:89)
	at org.junit.Assert.failNotEquals(Assert.java:835)
	at org.junit.Assert.assertEquals(Assert.java:120)
	at org.junit.Assert.assertEquals(Assert.java:146)
	at ai.opencode.android.client.TranscriptPhase6Test.anUnknownErrorShapeIsKeptRatherThanDiscarded(TranscriptPhase6Test.kt:153)
	at java.base/jdk.internal.reflect.NativeMethodAccessorImpl.invoke0(Native Method)
	at java.base/jdk.internal.reflect.NativeMethodAccessorImpl.invoke(NativeMethodAccessorImpl.java:77)
	at java.base/jdk.internal.reflect.DelegatingMethodAccessorImpl.invoke(DelegatingMethodAccessorImpl.java:43)
	at java.base/java.lang.reflect.Method.invoke(Method.java:569)
	at org.junit.runners.model.FrameworkMethod$1.runReflectiveCall(FrameworkMethod.java:59)
	at org.junit.internal.runners.model.ReflectiveCallable.run(ReflectiveCallable.java:12)
	at org.junit.runners.model.FrameworkMethod.invokeExplosively(FrameworkMethod.java:56)
	at org.junit.internal.runners.statements.InvokeMethod.evaluate(InvokeMethod.java:17)
	at org.junit.runners.ParentRunner$3.evaluate(ParentRunner.java:306)
	at org.junit.runners.BlockJUnit4ClassRunner$1.evaluate(BlockJUnit4ClassRunner.java:100)
	at org.junit.runners.ParentRunner.runLeaf(ParentRunner.java:366)
	at org.junit.runners.BlockJUnit4ClassRunner.runChild(BlockJUnit4ClassRunner.java:103)
	at org.junit.runners.BlockJUnit4ClassRunner.runChild(BlockJUnit4ClassRunner.java:63)
	at org.junit.runners.ParentRunner$4.run(ParentRunner.java:331)
	at org.junit.runners.ParentRunner$1.schedule(ParentRunner.java:79)
	at org.junit.runners.ParentRunner.runChildren(ParentRunner.java:329)
	at org.junit.runners.ParentRunner.access$100(ParentRunner.java:66)
	at org.junit.runners.ParentRunner$2.evaluate(ParentRunner.java:293)
	at org.junit.runners.ParentRunner$3.evaluate(ParentRunner.java:306)
	at org.junit.runners.ParentRunner.run(ParentRunner.java:413)
	at org.gradle.api.internal.tasks.testing.junit.JUnitTestClassExecutor.runTestClass(JUnitTestClassExecutor.java:112)
	at org.gradle.api.internal.tasks.testing.junit.JUnitTestClassExecutor.execute(JUnitTestClassExecutor.java:58)
	at org.gradle.api.internal.tasks.testing.junit.JUnitTestClassExecutor.execute(JUnitTestClassExecutor.java:40)
	at org.gradle.api.internal.tasks.testing.junit.AbstractJUnitTestClassProcessor.processTestClass(AbstractJUnitTestClassProcessor.java:54)
	at org.gradle.api.internal.tasks.testing.SuiteTestClassProcessor.processTestClass(SuiteTestClassProcessor.java:53)
	at java.base/jdk.internal.reflect.NativeMethodAccessorImpl.invoke0(Native Method)
	at java.base/jdk.internal.reflect.NativeMethodAccessorImpl.invoke(NativeMethodAccessorImpl.java:77)
	at java.base/jdk.internal.reflect.DelegatingMethodAccessorImpl.invoke(DelegatingMethodAccessorImpl.java:43)
	at java.base/java.lang.reflect.Method.invoke(Method.java:569)
	at org.gradle.internal.dispatch.ReflectionDispatch.dispatch(ReflectionDispatch.java:36)
	at org.gradle.internal.dispatch.ReflectionDispatch.dispatch(ReflectionDispatch.java:24)
	at org.gradle.internal.dispatch.ContextClassLoaderDispatch.dispatch(ContextClassLoaderDispatch.java:33)
	at org.gradle.internal.dispatch.ProxyDispatchAdapter$DispatchingInvocationHandler.invoke(ProxyDispatchAdapter.java:92)
	at jdk.proxy1/jdk.proxy1.$Proxy4.processTestClass(Unknown Source)
	at org.gradle.api.internal.tasks.testing.worker.TestWorker$2.run(TestWorker.java:181)
	at org.gradle.api.internal.tasks.testing.worker.TestWorker.executeAndMaintainThreadName(TestWorker.java:130)
	at org.gradle.api.internal.tasks.testing.worker.TestWorker.execute(TestWorker.java:101)
	at org.gradle.api.internal.tasks.testing.worker.TestWorker.execute(TestWorker.java:61)
	at org.gradle.process.internal.worker.child.ActionExecutionWorker.execute(ActionExecutionWorker.java:56)
	at org.gradle.process.internal.worker.child.SystemApplicationClassLoaderWorker.call(SystemApplicationClassLoaderWorker.java:122)
	at org.gradle.process.internal.worker.child.SystemApplicationClassLoaderWorker.call(SystemApplicationClassLoaderWorker.java:69)
	at worker.org.gradle.process.internal.worker.GradleWorkerMain.run(GradleWorkerMain.java:69)
	at worker.org.gradle.process.internal.worker.GradleWorkerMain.main(GradleWorkerMain.java:74)
</failure>
  </testcase>
  <testcase name="aToolPartMovesFromRunningToCompletedInPlace" classname="ai.opencode.android.client.TranscriptPhase6Test" time="0.0"/>
  <testcase name="aDeltaForAPartThatHasNotArrivedYetIsDroppedNotSynthesised" classname="ai.opencode.android.client.TranscriptPhase6Test" time="0.0"/>
  <testcase name="anEmptyDeltaChangesNothing" classname="ai.opencode.android.client.TranscriptPhase6Test" time="0.001"/>
  <testcase name="anEmptyErrorObjectIsNotATurnError" classname="ai.opencode.android.client.TranscriptPhase6Test" time="0.0"/>
  <testcase name="removedPartsDisappearFromTheMessage" classname="ai.opencode.android.client.TranscriptPhase6Test" time="0.0"/>
  <testcase name="sessionErrorBecomesTheTurnsTypedError" classname="ai.opencode.android.client.TranscriptPhase6Test" time="0.0"/>
  <testcase name="loadMessagesDerivesTheLastErrorFromHistory" classname="ai.opencode.android.client.TranscriptPhase6Test" time="0.0"/>
  <testcase name="retryStatusCarriesTheAttemptNumber" classname="ai.opencode.android.client.TranscriptPhase6Test" time="0.001"/>
  <testcase name="aDeltaNamingAnUnknownMessageIsIgnored" classname="ai.opencode.android.client.TranscriptPhase6Test" time="0.0"/>
  <testcase name="aPermissionAskKeepsTheAlwaysScopeAndItsToolCall" classname="ai.opencode.android.client.TranscriptPhase6Test" time="0.001"/>
  <testcase name="bookkeepingPartsAreMirroredWholeSoTheUiCanDecideToHideThem" classname="ai.opencode.android.client.TranscriptPhase6Test" time="0.0"/>
  <testcase name="aToolPartKeepsItsStateMetadataAndTiming" classname="ai.opencode.android.client.TranscriptPhase6Test" time="0.0"/>
  <testcase name="busySessionsLooksAcrossSessions" classname="ai.opencode.android.client.TranscriptPhase6Test" time="0.0"/>
  <testcase name="deltaAppendsOntoThePartItNames" classname="ai.opencode.android.client.TranscriptPhase6Test" time="0.001"/>
  <testcase name="aRejectedQuestionIsAlsoRemoved" classname="ai.opencode.android.client.TranscriptPhase6Test" time="0.0"/>
  <testcase name="questionsAreTrackedAndClearedWhenRepliedTo" classname="ai.opencode.android.client.TranscriptPhase6Test" time="0.001"/>
  <testcase name="aToolPartInErrorStateKeepsTheErrorText" classname="ai.opencode.android.client.TranscriptPhase6Test" time="0.0"/>
  <testcase name="aLaterBusyStatusClearsTheRetryState" classname="ai.opencode.android.client.TranscriptPhase6Test" time="0.0"/>
  <testcase name="anIdThatIsNotAQuestionIsNotInvented" classname="ai.opencode.android.client.TranscriptPhase6Test" time="0.0"/>
  <testcase name="aFilePartKeepsMimeNameAndUrl" classname="ai.opencode.android.client.TranscriptPhase6Test" time="0.0"/>
  <testcase name="severalPartsStreamIndependently" classname="ai.opencode.android.client.TranscriptPhase6Test" time="0.0"/>
  <testcase name="deletingASessionTakesItsMessagesPromptsAndErrorsWithIt" classname="ai.opencode.android.client.TranscriptPhase6Test" time="0.0"/>
  <testcase name="customDefaultsToTrueWhenUpstreamOmitsIt" classname="ai.opencode.android.client.TranscriptPhase6Test" time="0.0"/>
  <testcase name="loadMessagesReplacesTheOlderTranscriptRatherThanAppending" classname="ai.opencode.android.client.TranscriptPhase6Test" time="0.0"/>
  <testcase name="aDeltaOnAnotherFieldDoesNotTouchTheText" classname="ai.opencode.android.client.TranscriptPhase6Test" time="0.0"/>
  <testcase name="idleClearsRetryAndBusy" classname="ai.opencode.android.client.TranscriptPhase6Test" time="0.0"/>
  <testcase name="aPermissionReplyRemovesThePrompt" classname="ai.opencode.android.client.TranscriptPhase6Test" time="0.0"/>
  <system-out><![CDATA[]]></system-out>
  <system-err><![CDATA[]]></system-err>
</testsuite>
