<?xml version="1.0" encoding="UTF-8"?>
<testsuite name="ai.opencode.android.client.OpenCodeApiHttpTest" tests="10" skipped="0" failures="0" errors="0" timestamp="2026-09-17T20:10:20" hostname="runnervmlun5p" time="0.466">
  <properties/>
  <testcase name="mcpAddPostsNameAndConfig" classname="ai.opencode.android.client.OpenCodeApiHttpTest" time="0.054"/>
  <testcase name="permissionReplyUsesTheUpstreamRoute" classname="ai.opencode.android.client.OpenCodeApiHttpTest" time="0.021"/>
  <testcase name="non2xxBecomesTypedError" classname="ai.opencode.android.client.OpenCodeApiHttpTest" time="0.023"/>
  <testcase name="healthIsGlobalAndCarriesBasicAuth" classname="ai.opencode.android.client.OpenCodeApiHttpTest" time="0.008"/>
  <testcase name="promptAsyncSendsUpstreamPartShape" classname="ai.opencode.android.client.OpenCodeApiHttpTest" time="0.006"/>
  <testcase name="authProvisioningUsesProviderIdRoute" classname="ai.opencode.android.client.OpenCodeApiHttpTest" time="0.009"/>
  <testcase name="patchMethodIsAndroidOnly" classname="ai.opencode.android.client.OpenCodeApiHttpTest" time="0.002"/>
  <testcase name="sessionCreateIsDirectoryScopedAndPassesTitle" classname="ai.opencode.android.client.OpenCodeApiHttpTest" time="0.01"/>
  <testcase name="bodylessRequestsDeclareZeroLength" classname="ai.opencode.android.client.OpenCodeApiHttpTest" time="0.007"/>
  <testcase name="eventStreamParsesFramesAndReconnects" classname="ai.opencode.android.client.OpenCodeApiHttpTest" time="0.321"/>
  <system-out><![CDATA[]]></system-out>
  <system-err><![CDATA[]]></system-err>
</testsuite>
