<?xml version="1.0" encoding="UTF-8"?>
<testsuite name="ai.opencode.android.client.ModelPreferenceTest" tests="11" skipped="0" failures="0" errors="0" timestamp="2026-09-26T11:54:01" hostname="runnervmtr4k5" time="0.016">
  <properties/>
  <testcase name="starringKeepsTheOrderTheUserStarredInAndUnstarringRemoves" classname="ai.opencode.android.client.ModelPreferenceTest" time="0.004"/>
  <testcase name="withoutAMemoryTheHeuristicStillRunsIncludingItsPreferenceArgument" classname="ai.opencode.android.client.ModelPreferenceTest" time="0.0"/>
  <testcase name="aRememberedModelBeatsTheFirstConnectedProvider" classname="ai.opencode.android.client.ModelPreferenceTest" time="0.0"/>
  <testcase name="theStoredSpellingIsTrimmedOnTheWayIn" classname="ai.opencode.android.client.ModelPreferenceTest" time="0.0"/>
  <testcase name="aRememberedModelOnACustomProviderIsAcceptedWithoutADefaultEntry" classname="ai.opencode.android.client.ModelPreferenceTest" time="0.001"/>
  <testcase name="aModelIdContainingASlashSurvivesTheRoundTrip" classname="ai.opencode.android.client.ModelPreferenceTest" time="0.0"/>
  <testcase name="theLastUsedModelIsWhatComesBackAfterARebuild" classname="ai.opencode.android.client.ModelPreferenceTest" time="0.001"/>
  <testcase name="aRememberedModelWithNoProviderLeftAtAllStillFallsBackToTheHeuristic" classname="ai.opencode.android.client.ModelPreferenceTest" time="0.0"/>
  <testcase name="noMemoryAndNothingConnectedIsNoHintAtAll" classname="ai.opencode.android.client.ModelPreferenceTest" time="0.004"/>
  <testcase name="aRememberedModelThatIsNoLongerInTheCatalogIsIgnored" classname="ai.opencode.android.client.ModelPreferenceTest" time="0.0"/>
  <testcase name="malformedEntriesDecodeToNothingInsteadOfAGuess" classname="ai.opencode.android.client.ModelPreferenceTest" time="0.0"/>
  <system-out><![CDATA[]]></system-out>
  <system-err><![CDATA[]]></system-err>
</testsuite>
