<?xml version="1.0" encoding="UTF-8"?>
<testsuite name="ai.opencode.android.client.ProviderCatalogTest" tests="11" skipped="0" failures="0" errors="0" timestamp="2026-09-24T13:05:51" hostname="runnervmtr4k5" time="0.015">
  <properties/>
  <testcase name="aProviderIdMustBeASlugBecauseItBecomesAConfigKey" classname="ai.opencode.android.client.ProviderCatalogTest" time="0.001"/>
  <testcase name="anExactIdWinsOverEverythingElse" classname="ai.opencode.android.client.ProviderCatalogTest" time="0.002"/>
  <testcase name="aQueryNothingMatchesReturnsNothingRatherThanTheWholeCatalog" classname="ai.opencode.android.client.ProviderCatalogTest" time="0.001"/>
  <testcase name="anEmptyQueryReturnsTheCatalogInItsOwnOrder" classname="ai.opencode.android.client.ProviderCatalogTest" time="0.0"/>
  <testcase name="caseDoesNotMatterAndSubstringsStillMatch" classname="ai.opencode.android.client.ProviderCatalogTest" time="0.0"/>
  <testcase name="aBlankDisplayNameFallsBackToTheIdRatherThanAnEmptyLabel" classname="ai.opencode.android.client.ProviderCatalogTest" time="0.0"/>
  <testcase name="modelIdsAreSplitDedupedAndKeptInOrder" classname="ai.opencode.android.client.ProviderCatalogTest" time="0.005"/>
  <testcase name="theConfigDocumentIsTheShapeUpstreamExpects" classname="ai.opencode.android.client.ProviderCatalogTest" time="0.001"/>
  <testcase name="anIdPrefixBeatsANameMatch" classname="ai.opencode.android.client.ProviderCatalogTest" time="0.0"/>
  <testcase name="theResultIsBoundedSoASingleLetterCannotComposeHundredsOfRows" classname="ai.opencode.android.client.ProviderCatalogTest" time="0.005"/>
  <testcase name="impossibleInputProducesNoDocumentInsteadOfABrokenOne" classname="ai.opencode.android.client.ProviderCatalogTest" time="0.0"/>
  <system-out><![CDATA[]]></system-out>
  <system-err><![CDATA[]]></system-err>
</testsuite>
