<?xml version="1.0" encoding="UTF-8"?>
<testsuite name="ai.opencode.android.runtime.HealthCheckerTest" tests="7" skipped="0" failures="0" errors="0" timestamp="2026-09-24T18:41:38" hostname="runnervmtr4k5" time="1.223">
  <properties/>
  <testcase name="aRefusedSocketIsUnhealthyNotAnException" classname="ai.opencode.android.runtime.HealthCheckerTest" time="0.002"/>
  <testcase name="waitHealthyTimesOutCleanlyWhenNothingAnswers" classname="ai.opencode.android.runtime.HealthCheckerTest" time="0.503"/>
  <testcase name="waitHealthyReturnsOnTheFirstHealthyProbe" classname="ai.opencode.android.runtime.HealthCheckerTest" time="0.106"/>
  <testcase name="aTwoHundredThatDoesNotReportHealthyIsNotHealthy" classname="ai.opencode.android.runtime.HealthCheckerTest" time="0.002"/>
  <testcase name="aWrongPasswordIsUnhealthyWithTheServersStatus" classname="ai.opencode.android.runtime.HealthCheckerTest" time="0.002"/>
  <testcase name="waitHealthyIsBoundedAndReturnsTheLastObservation" classname="ai.opencode.android.runtime.HealthCheckerTest" time="0.607"/>
  <testcase name="aHealthyTwoHundredIsReportedHealthy" classname="ai.opencode.android.runtime.HealthCheckerTest" time="0.001"/>
  <system-out><![CDATA[]]></system-out>
  <system-err><![CDATA[]]></system-err>
</testsuite>
