<?xml version="1.0" encoding="UTF-8"?>
<testsuite name="ai.opencode.android.runtime.StorageResolutionTest" tests="10" skipped="0" failures="0" errors="0" timestamp="2026-09-24T20:43:39" hostname="runnervmtr4k5" time="0.007">
  <properties/>
  <testcase name="withNoUsableExternalStorageTheAppPrivateRootIsTheLastResort" classname="ai.opencode.android.runtime.StorageResolutionTest" time="0.0"/>
  <testcase name="sdCardAndCloudFoldersAreRefusedRatherThanAcceptedAndBroken" classname="ai.opencode.android.runtime.StorageResolutionTest" time="0.001"/>
  <testcase name="withoutTheGrantTheFallbackIsUsedAndLabelledHonestly" classname="ai.opencode.android.runtime.StorageResolutionTest" time="0.001"/>
  <testcase name="onAndroid10TheAppExternalFallbackIsFileManagerVisible" classname="ai.opencode.android.runtime.StorageResolutionTest" time="0.001"/>
  <testcase name="aPrimaryVolumeFolderResolvesToARealPath" classname="ai.opencode.android.runtime.StorageResolutionTest" time="0.001"/>
  <testcase name="aGrantedButUnmountedVolumeFallsBackInsteadOfPretending" classname="ai.opencode.android.runtime.StorageResolutionTest" time="0.0"/>
  <testcase name="allFilesAccessMakesSharedStorageTheDefault" classname="ai.opencode.android.runtime.StorageResolutionTest" time="0.001"/>
  <testcase name="aUsableRootIsOneTheAppCanActuallyWriteIn" classname="ai.opencode.android.runtime.StorageResolutionTest" time="0.001"/>
  <testcase name="traversalInAChosenFolderIdIsRefused" classname="ai.opencode.android.runtime.StorageResolutionTest" time="0.001"/>
  <testcase name="aChosenFolderBeatsTheSharedDefault" classname="ai.opencode.android.runtime.StorageResolutionTest" time="0.0"/>
  <system-out><![CDATA[]]></system-out>
  <system-err><![CDATA[]]></system-err>
</testsuite>
