<?xml version="1.0" encoding="UTF-8"?>
<testsuite name="ai.opencode.android.security.ProviderKeyringTest" tests="15" skipped="0" failures="0" errors="0" timestamp="2026-09-24T19:31:01" hostname="runnervmtr4k5" time="0.012">
  <properties/>
  <testcase name="removeAllWipesBlobsMetadataAndLegacy" classname="ai.opencode.android.security.ProviderKeyringTest" time="0.002"/>
  <testcase name="activateReturnsTheValueAndMirrorsTheLegacyName" classname="ai.opencode.android.security.ProviderKeyringTest" time="0.001"/>
  <testcase name="deletingTheLastKeyReportsEmptyAndClearsTheLegacyName" classname="ai.opencode.android.security.ProviderKeyringTest" time="0.001"/>
  <testcase name="failoverWithOneOrZeroKeysIsNull" classname="ai.opencode.android.security.ProviderKeyringTest" time="0.0"/>
  <testcase name="deletingAnInactiveKeyLeavesTheActiveOneAlone" classname="ai.opencode.android.security.ProviderKeyringTest" time="0.001"/>
  <testcase name="addingASecondKeyKeepsTheFirstAndActivatesTheNew" classname="ai.opencode.android.security.ProviderKeyringTest" time="0.0"/>
  <testcase name="providersDoNotShareRings" classname="ai.opencode.android.security.ProviderKeyringTest" time="0.001"/>
  <testcase name="providerWithNoKeysListsNothing" classname="ai.opencode.android.security.ProviderKeyringTest" time="0.0"/>
  <testcase name="deletingTheActiveKeyPromotesTheNextAndReportsItsValue" classname="ai.opencode.android.security.ProviderKeyringTest" time="0.001"/>
  <testcase name="failoverAdvancesRoundRobinAndReturnsTheNextValue" classname="ai.opencode.android.security.ProviderKeyringTest" time="0.002"/>
  <testcase name="legacySingleKeyIsAdoptedAsActiveKeyOne" classname="ai.opencode.android.security.ProviderKeyringTest" time="0.0"/>
  <testcase name="corruptMetadataIsTreatedAsEmptyNotACrash" classname="ai.opencode.android.security.ProviderKeyringTest" time="0.001"/>
  <testcase name="activatingAnUnknownSlotIsNullNeverASilentSuccess" classname="ai.opencode.android.security.ProviderKeyringTest" time="0.0"/>
  <testcase name="metadataRoundTripsThroughAFreshInstance" classname="ai.opencode.android.security.ProviderKeyringTest" time="0.0"/>
  <testcase name="last4IsMetadataOnlyAndNeverTheWholeKey" classname="ai.opencode.android.security.ProviderKeyringTest" time="0.001"/>
  <system-out><![CDATA[]]></system-out>
  <system-err><![CDATA[]]></system-err>
</testsuite>
