<?xml version="1.0" encoding="UTF-8"?>
<testsuite name="ai.opencode.android.projects.ProjectMigrationTest" tests="9" skipped="0" failures="0" errors="0" timestamp="2026-09-26T11:54:01" hostname="runnervmtr4k5" time="0.02">
  <properties/>
  <testcase name="movingARootIntoItselfIsANoOp" classname="ai.opencode.android.projects.ProjectMigrationTest" time="0.002"/>
  <testcase name="anExplicitMoveTakesEverythingAndRemovesTheDrainedSource" classname="ai.opencode.android.projects.ProjectMigrationTest" time="0.003"/>
  <testcase name="theAutomaticPathRefusesANonEmptyDestination" classname="ai.opencode.android.projects.ProjectMigrationTest" time="0.001"/>
  <testcase name="aRootThatIsAlsoALegacyCandidateIsNeverMovedOntoItself" classname="ai.opencode.android.projects.ProjectMigrationTest" time="0.004"/>
  <testcase name="theAutomaticMigrationTakesTheNewestLegacyRootThatStillHasProjects" classname="ai.opencode.android.projects.ProjectMigrationTest" time="0.002"/>
  <testcase name="theStoreMovesProjectsAndTheActivePointerFollowsThem" classname="ai.opencode.android.projects.ProjectMigrationTest" time="0.002"/>
  <testcase name="theAutomaticMigrationDoesNothingWhenTheCurrentRootAlreadyHasProjects" classname="ai.opencode.android.projects.ProjectMigrationTest" time="0.002"/>
  <testcase name="anExplicitMoveSkipsNameCollisionsAndKeepsBothCopies" classname="ai.opencode.android.projects.ProjectMigrationTest" time="0.001"/>
  <testcase name="anEmptySourceIsJustRemovedAndNothingIsReportedAsMoved" classname="ai.opencode.android.projects.ProjectMigrationTest" time="0.001"/>
  <system-out><![CDATA[]]></system-out>
  <system-err><![CDATA[]]></system-err>
</testsuite>
