<?xml version="1.0" encoding="UTF-8"?>
<testsuite name="ai.opencode.android.client.DefaultModelHintTest" tests="6" skipped="0" failures="0" errors="0" timestamp="2026-09-23T15:50:16" hostname="runnervmlun5p" time="0.047">
  <properties/>
  <testcase name="nothingConnectedMeansNoHintNotAnArbitraryProvider" classname="ai.opencode.android.client.DefaultModelHintTest" time="0.027"/>
  <testcase name="firstCatalogEntryIsNeverChosenWhenNotConnected" classname="ai.opencode.android.client.DefaultModelHintTest" time="0.001"/>
  <testcase name="aConnectedThirdPartyProviderBeatsTheBundledOne" classname="ai.opencode.android.client.DefaultModelHintTest" time="0.013"/>
  <testcase name="theJustProvisionedProviderWinsWhenConnected" classname="ai.opencode.android.client.DefaultModelHintTest" time="0.0"/>
  <testcase name="aConnectedProviderWithoutADefaultModelIsSkipped" classname="ai.opencode.android.client.DefaultModelHintTest" time="0.0"/>
  <testcase name="aPreferredProviderTheServerDoesNotReportConnectedIsNotForced" classname="ai.opencode.android.client.DefaultModelHintTest" time="0.0"/>
  <system-out><![CDATA[]]></system-out>
  <system-err><![CDATA[]]></system-err>
</testsuite>
