<?xml version="1.0" encoding="UTF-8"?>
<testsuite name="ai.opencode.android.projects.ProjectStoreMigrationTest" tests="7" skipped="0" failures="0" errors="0" timestamp="2026-09-24T18:41:38" hostname="runnervmtr4k5" time="0.007">
  <properties/>
  <testcase name="migrationIsIdempotentAndNeverResurrectsDeletedProjects" classname="ai.opencode.android.projects.ProjectStoreMigrationTest" time="0.002"/>
  <testcase name="theUsersPreferenceHistorySurvivesTheMigration" classname="ai.opencode.android.projects.ProjectStoreMigrationTest" time="0.001"/>
  <testcase name="theInternalRootIsUsedWhenExternalStorageIsUnavailable" classname="ai.opencode.android.projects.ProjectStoreMigrationTest" time="0.001"/>
  <testcase name="existingProjectsMoveAcrossFilesystemsAndTheOldRootIsRemoved" classname="ai.opencode.android.projects.ProjectStoreMigrationTest" time="0.001"/>
  <testcase name="aFreshInstallWithNoLegacyRootIsANoOp" classname="ai.opencode.android.projects.ProjectStoreMigrationTest" time="0.0"/>
  <testcase name="externalStorageIsTheProjectRootWhenItIsAvailable" classname="ai.opencode.android.projects.ProjectStoreMigrationTest" time="0.001"/>
  <testcase name="anInstallThatAlreadyHasProjectsIsNotOverwritten" classname="ai.opencode.android.projects.ProjectStoreMigrationTest" time="0.001"/>
  <system-out><![CDATA[]]></system-out>
  <system-err><![CDATA[]]></system-err>
</testsuite>
