<?xml version="1.0" encoding="UTF-8"?>
<testsuite name="ai.opencode.android.runtime.HealthCheckerTest" tests="7" skipped="0" failures="0" errors="0" timestamp="2026-09-25T08:20:59" hostname="runnervmtr4k5" time="1.231">
  <properties/>
  <testcase name="aRefusedSocketIsUnhealthyNotAnException" classname="ai.opencode.android.runtime.HealthCheckerTest" time="0.001"/>
  <testcase name="waitHealthyTimesOutCleanlyWhenNothingAnswers" classname="ai.opencode.android.runtime.HealthCheckerTest" time="0.504"/>
  <testcase name="waitHealthyReturnsOnTheFirstHealthyProbe" classname="ai.opencode.android.runtime.HealthCheckerTest" time="0.108"/>
  <testcase name="aTwoHundredThatDoesNotReportHealthyIsNotHealthy" classname="ai.opencode.android.runtime.HealthCheckerTest" time="0.002"/>
  <testcase name="aWrongPasswordIsUnhealthyWithTheServersStatus" classname="ai.opencode.android.runtime.HealthCheckerTest" time="0.004"/>
  <testcase name="waitHealthyIsBoundedAndReturnsTheLastObservation" classname="ai.opencode.android.runtime.HealthCheckerTest" time="0.609"/>
  <testcase name="aHealthyTwoHundredIsReportedHealthy" classname="ai.opencode.android.runtime.HealthCheckerTest" time="0.002"/>
  <system-out><![CDATA[]]></system-out>
  <system-err><![CDATA[]]></system-err>
</testsuite>
