<?xml version="1.0" encoding="UTF-8"?>
<testsuite name="ai.opencode.android.client.LoopbackGuardTest" tests="5" skipped="0" failures="0" errors="0" timestamp="2026-09-26T17:48:19" hostname="runnervmtr4k5" time="0.035">
  <properties/>
  <testcase name="bindHostname_defaultsToLoopbackWhenUnset" classname="ai.opencode.android.client.LoopbackGuardTest" time="0.008"/>
  <testcase name="bindHostname_refusesNonLoopbackAndKeepsLoopback" classname="ai.opencode.android.client.LoopbackGuardTest" time="0.015"/>
  <testcase name="checked_acceptsLoopbackUrlsOnly" classname="ai.opencode.android.client.LoopbackGuardTest" time="0.011"/>
  <testcase name="isLoopbackLiteral_coversThe127Block" classname="ai.opencode.android.client.LoopbackGuardTest" time="0.0"/>
  <testcase name="bindHostname_acceptsLoopbackForms" classname="ai.opencode.android.client.LoopbackGuardTest" time="0.001"/>
  <system-out><![CDATA[]]></system-out>
  <system-err><![CDATA[]]></system-err>
</testsuite>
