<?xml version="1.0" encoding="UTF-8"?>
<testsuite name="ai.opencode.android.client.WorkLogTest" tests="10" skipped="0" failures="0" errors="0" timestamp="2026-09-24T19:30:59" hostname="runnervmtr4k5" time="0.016">
  <properties/>
  <testcase name="readsSearchesAndShellRunsAreNotChanges" classname="ai.opencode.android.client.WorkLogTest" time="0.005"/>
  <testcase name="aNullSessionAndGarbageJsonProduceEmptyPagesNotCrashes" classname="ai.opencode.android.client.WorkLogTest" time="0.006"/>
  <testcase name="aWriteWithoutADiffStillCounts_theFileComesFromTheInput" classname="ai.opencode.android.client.WorkLogTest" time="0.0"/>
  <testcase name="userTurnsAndNonToolPartsNeverAppear" classname="ai.opencode.android.client.WorkLogTest" time="0.0"/>
  <testcase name="anEditBecomesAStageWithTheFileAndTheCounts" classname="ai.opencode.android.client.WorkLogTest" time="0.0"/>
  <testcase name="runningAndFailedCommandsAreShownNotHidden" classname="ai.opencode.android.client.WorkLogTest" time="0.002"/>
  <testcase name="aShellCallBecomesAConsoleEntryWithCommandOutputAndExit" classname="ai.opencode.android.client.WorkLogTest" time="0.0"/>
  <testcase name="editsAndReadsAreNotConsoleEntries" classname="ai.opencode.android.client.WorkLogTest" time="0.0"/>
  <testcase name="theConsoleReadsTopDown_oldestFirst_acrossTurns" classname="ai.opencode.android.client.WorkLogTest" time="0.0"/>
  <testcase name="turnsWithoutFileChangesAreOmittedAndNewestStageLeads" classname="ai.opencode.android.client.WorkLogTest" time="0.0"/>
  <system-out><![CDATA[]]></system-out>
  <system-err><![CDATA[]]></system-err>
</testsuite>
