<?xml version="1.0" encoding="UTF-8"?>
<testsuite name="ai.opencode.android.projects.ProjectStoreLifecycleTest" tests="7" skipped="0" failures="0" errors="0" timestamp="2026-09-24T18:41:38" hostname="runnervmtr4k5" time="0.006">
  <properties/>
  <testcase name="deleteRemovesTheDirectoryAndClearsActiveWhenItWasCurrent" classname="ai.opencode.android.projects.ProjectStoreLifecycleTest" time="0.001"/>
  <testcase name="adoptRegistersAnExistingDirectoryWithoutRenamingIt" classname="ai.opencode.android.projects.ProjectStoreLifecycleTest" time="0.001"/>
  <testcase name="renameMovesTheDirectoryAndKeepsItOpen" classname="ai.opencode.android.projects.ProjectStoreLifecycleTest" time="0.001"/>
  <testcase name="renameOfAMissingProjectReturnsNull" classname="ai.opencode.android.projects.ProjectStoreLifecycleTest" time="0.0"/>
  <testcase name="uniqueNameNeverCollidesWithExistingDirectories" classname="ai.opencode.android.projects.ProjectStoreLifecycleTest" time="0.001"/>
  <testcase name="createSuffixesCollisions" classname="ai.opencode.android.projects.ProjectStoreLifecycleTest" time="0.002"/>
  <testcase name="renameToACollidingNameGetsASuffix" classname="ai.opencode.android.projects.ProjectStoreLifecycleTest" time="0.0"/>
  <system-out><![CDATA[]]></system-out>
  <system-err><![CDATA[]]></system-err>
</testsuite>
