<?xml version="1.0" encoding="UTF-8"?>
<testsuite name="ai.opencode.android.client.ToolMetaParserTest" tests="16" skipped="0" failures="0" errors="0" timestamp="2026-09-26T11:54:01" hostname="runnervmtr4k5" time="0.011">
  <properties/>
  <testcase name="readMetadataTruncationIsReported" classname="ai.opencode.android.client.ToolMetaParserTest" time="0.002"/>
  <testcase name="aMissingExitStaysNullInsteadOfPretendingSuccess" classname="ai.opencode.android.client.ToolMetaParserTest" time="0.002"/>
  <testcase name="blankGarbageAndNullsNeverThrow" classname="ai.opencode.android.client.ToolMetaParserTest" time="0.0"/>
  <testcase name="builtinToolNamesMapOntoFamilies" classname="ai.opencode.android.client.ToolMetaParserTest" time="0.001"/>
  <testcase name="writeAndEditMetadataCarryTheDiffAndItsCounts" classname="ai.opencode.android.client.ToolMetaParserTest" time="0.0"/>
  <testcase name="shellMetadataCarriesOutputExitAndTruncation" classname="ai.opencode.android.client.ToolMetaParserTest" time="0.0"/>
  <testcase name="underscoredNamesFromMcpServersAreMcp" classname="ai.opencode.android.client.ToolMetaParserTest" time="0.0"/>
  <testcase name="matchingIsCaseInsensitiveAndExactBeforePattern" classname="ai.opencode.android.client.ToolMetaParserTest" time="0.001"/>
  <testcase name="todoParserDegradesToEmptyOnMalformedOrForeignShapes" classname="ai.opencode.android.client.ToolMetaParserTest" time="0.0"/>
  <testcase name="truncatedShellOutputPointsAtTheFullFile" classname="ai.opencode.android.client.ToolMetaParserTest" time="0.0"/>
  <testcase name="diagnosticsWithoutADiffAreStillCounted" classname="ai.opencode.android.client.ToolMetaParserTest" time="0.0"/>
  <testcase name="aDiffOnlyInsideFilediffIsStillADiff" classname="ai.opencode.android.client.ToolMetaParserTest" time="0.001"/>
  <testcase name="todoParserReadsUpstreamInputShape" classname="ai.opencode.android.client.ToolMetaParserTest" time="0.0"/>
  <testcase name="anythingUnrecognisedIsOtherAndStillRendered" classname="ai.opencode.android.client.ToolMetaParserTest" time="0.0"/>
  <testcase name="todoParserPrefersMetadataOverInputAndNormalisesStatus" classname="ai.opencode.android.client.ToolMetaParserTest" time="0.0"/>
  <testcase name="numbersOfAnyJsonTypeStillParse" classname="ai.opencode.android.client.ToolMetaParserTest" time="0.001"/>
  <system-out><![CDATA[]]></system-out>
  <system-err><![CDATA[]]></system-err>
</testsuite>
