<?xml version="1.0" encoding="UTF-8"?>
<testsuite name="ai.opencode.android.client.OpenCodeApiHttpTest" tests="10" skipped="0" failures="0" errors="0" timestamp="2026-09-07T23:10:52" hostname="runnervmejwal" time="0.497">
  <properties/>
  <testcase name="mcpAddPostsNameAndConfig" classname="ai.opencode.android.client.OpenCodeApiHttpTest" time="0.072"/>
  <testcase name="permissionReplyUsesTheUpstreamRoute" classname="ai.opencode.android.client.OpenCodeApiHttpTest" time="0.016"/>
  <testcase name="non2xxBecomesTypedError" classname="ai.opencode.android.client.OpenCodeApiHttpTest" time="0.025"/>
  <testcase name="healthIsGlobalAndCarriesBasicAuth" classname="ai.opencode.android.client.OpenCodeApiHttpTest" time="0.009"/>
  <testcase name="promptAsyncSendsUpstreamPartShape" classname="ai.opencode.android.client.OpenCodeApiHttpTest" time="0.021"/>
  <testcase name="authProvisioningUsesProviderIdRoute" classname="ai.opencode.android.client.OpenCodeApiHttpTest" time="0.009"/>
  <testcase name="patchMethodIsAndroidOnly" classname="ai.opencode.android.client.OpenCodeApiHttpTest" time="0.003"/>
  <testcase name="sessionCreateIsDirectoryScopedAndPassesTitle" classname="ai.opencode.android.client.OpenCodeApiHttpTest" time="0.008"/>
  <testcase name="bodylessRequestsDeclareZeroLength" classname="ai.opencode.android.client.OpenCodeApiHttpTest" time="0.007"/>
  <testcase name="eventStreamParsesFramesAndReconnects" classname="ai.opencode.android.client.OpenCodeApiHttpTest" time="0.323"/>
  <system-out><![CDATA[]]></system-out>
  <system-err><![CDATA[]]></system-err>
</testsuite>
