<?xml version="1.0" encoding="UTF-8"?>
<testsuite name="ai.opencode.android.projects.ProjectStoreLifecycleTest" tests="7" skipped="0" failures="0" errors="0" timestamp="2026-09-07T23:16:53" hostname="runnervmejwal" time="0.019">
  <properties/>
  <testcase name="deleteRemovesTheDirectoryAndClearsActiveWhenItWasCurrent" classname="ai.opencode.android.projects.ProjectStoreLifecycleTest" time="0.005"/>
  <testcase name="adoptRegistersAnExistingDirectoryWithoutRenamingIt" classname="ai.opencode.android.projects.ProjectStoreLifecycleTest" time="0.002"/>
  <testcase name="renameMovesTheDirectoryAndKeepsItOpen" classname="ai.opencode.android.projects.ProjectStoreLifecycleTest" time="0.001"/>
  <testcase name="renameOfAMissingProjectReturnsNull" classname="ai.opencode.android.projects.ProjectStoreLifecycleTest" time="0.001"/>
  <testcase name="uniqueNameNeverCollidesWithExistingDirectories" classname="ai.opencode.android.projects.ProjectStoreLifecycleTest" time="0.002"/>
  <testcase name="createSuffixesCollisions" classname="ai.opencode.android.projects.ProjectStoreLifecycleTest" time="0.001"/>
  <testcase name="renameToACollidingNameGetsASuffix" classname="ai.opencode.android.projects.ProjectStoreLifecycleTest" time="0.003"/>
  <system-out><![CDATA[]]></system-out>
  <system-err><![CDATA[]]></system-err>
</testsuite>
